[2022-10-03T04:06:57.208Z] Log level: Info
[2022-10-03T04:06:57.213Z] [info] Validating found git in: git
[2022-10-03T04:06:57.238Z] [info] Using git 2.34.1 from git
[2022-10-03T04:06:57.252Z] > git rev-parse --show-toplevel [3ms]
[2022-10-03T04:06:57.260Z] > git rev-parse --git-dir --git-common-dir [1ms]
[2022-10-03T04:06:57.265Z] [info] Open repository: /config
[2022-10-03T04:06:57.275Z] > git status -z -uall [5ms]
[2022-10-03T04:06:57.280Z] > git symbolic-ref --short HEAD [1ms]
[2022-10-03T04:06:57.287Z] > git for-each-ref --format=%(refname)%00%(upstream:short)%00%(objectname)%00%(upstream:track)%00%(upstream:remotename)%00%(upstream:remoteref) refs/heads/main refs/remotes/main [3ms]
[2022-10-03T04:06:57.295Z] > git remote --verbose [2ms]
[2022-10-03T04:06:57.295Z] > git for-each-ref --sort -committerdate --format %(refname) %(objectname) %(*objectname) [4ms]
[2022-10-03T04:06:57.304Z] > git config --get commit.template [1ms]
[2022-10-03T04:06:57.310Z] > git status -z -uall [2ms]
[2022-10-03T04:06:57.315Z] > git symbolic-ref --short HEAD [2ms]
[2022-10-03T04:06:57.318Z] > git for-each-ref --format=%(refname)%00%(upstream:short)%00%(objectname)%00%(upstream:track)%00%(upstream:remotename)%00%(upstream:remoteref) refs/heads/main refs/remotes/main [1ms]
[2022-10-03T04:06:57.322Z] > git for-each-ref --sort -committerdate --format %(refname) %(objectname) %(*objectname) [2ms]
[2022-10-03T04:06:57.323Z] > git remote --verbose [1ms]
[2022-10-03T04:06:57.329Z] > git config --get commit.template [1ms]
[2022-10-03T04:06:57.828Z] > git rev-parse --show-toplevel [1ms]
[2022-10-03T04:07:00.783Z] > git status -z -uall [2ms]
[2022-10-03T04:07:00.786Z] > git symbolic-ref --short HEAD [1ms]
[2022-10-03T04:07:00.789Z] > git for-each-ref --format=%(refname)%00%(upstream:short)%00%(objectname)%00%(upstream:track)%00%(upstream:remotename)%00%(upstream:remoteref) refs/heads/main refs/remotes/main [1ms]
[2022-10-03T04:07:00.796Z] > git remote --verbose [1ms]
[2022-10-03T04:07:00.796Z] > git for-each-ref --sort -committerdate --format %(refname) %(objectname) %(*objectname) [4ms]
[2022-10-03T04:07:00.802Z] > git config --get commit.template [0ms]
[2022-10-03T04:07:01.301Z] > git rev-parse --show-toplevel [0ms]
[2022-10-03T04:07:05.810Z] > git status -z -uall [3ms]
[2022-10-03T04:07:05.813Z] > git symbolic-ref --short HEAD [0ms]
[2022-10-03T04:07:05.817Z] > git for-each-ref --format=%(refname)%00%(upstream:short)%00%(objectname)%00%(upstream:track)%00%(upstream:remotename)%00%(upstream:remoteref) refs/heads/main refs/remotes/main [1ms]
[2022-10-03T04:07:05.822Z] > git for-each-ref --sort -committerdate --format %(refname) %(objectname) %(*objectname) [3ms]
[2022-10-03T04:07:05.822Z] > git remote --verbose [1ms]
[2022-10-03T04:07:05.830Z] > git config --get commit.template [0ms]
[2022-10-03T04:07:06.328Z] > git rev-parse --show-toplevel [0ms]
[2022-10-03T04:07:10.836Z] > git status -z -uall [2ms]
[2022-10-03T04:07:10.839Z] > git symbolic-ref --short HEAD [1ms]
[2022-10-03T04:07:10.842Z] > git for-each-ref --format=%(refname)%00%(upstream:short)%00%(objectname)%00%(upstream:track)%00%(upstream:remotename)%00%(upstream:remoteref) refs/heads/main refs/remotes/main [1ms]
[2022-10-03T04:07:10.846Z] > git for-each-ref --sort -committerdate --format %(refname) %(objectname) %(*objectname) [2ms]
[2022-10-03T04:07:10.846Z] > git remote --verbose [1ms]
[2022-10-03T04:07:10.850Z] > git config --get commit.template [0ms]
[2022-10-03T04:07:11.365Z] > git rev-parse --show-toplevel [14ms]
[2022-10-03T04:07:15.856Z] > git status -z -uall [2ms]
[2022-10-03T04:07:15.860Z] > git symbolic-ref --short HEAD [1ms]
[2022-10-03T04:07:15.864Z] > git for-each-ref --format=%(refname)%00%(upstream:short)%00%(objectname)%00%(upstream:track)%00%(upstream:remotename)%00%(upstream:remoteref) refs/heads/main refs/remotes/main [1ms]
[2022-10-03T04:07:15.869Z] > git for-each-ref --sort -committerdate --format %(refname) %(objectname) %(*objectname) [3ms]
[2022-10-03T04:07:15.870Z] > git remote --verbose [1ms]
[2022-10-03T04:07:15.875Z] > git config --get commit.template [0ms]
[2022-10-03T04:07:16.376Z] > git rev-parse --show-toplevel [1ms]
[2022-10-03T04:07:20.884Z] > git status -z -uall [3ms]
[2022-10-03T04:07:20.887Z] > git symbolic-ref --short HEAD [1ms]
[2022-10-03T04:07:20.890Z] > git for-each-ref --format=%(refname)%00%(upstream:short)%00%(objectname)%00%(upstream:track)%00%(upstream:remotename)%00%(upstream:remoteref) refs/heads/main refs/remotes/main [1ms]
[2022-10-03T04:07:20.893Z] > git for-each-ref --sort -committerdate --format %(refname) %(objectname) %(*objectname) [2ms]
[2022-10-03T04:07:20.894Z] > git remote --verbose [1ms]
[2022-10-03T04:07:20.899Z] > git config --get commit.template [1ms]
[2022-10-03T04:07:21.400Z] > git rev-parse --show-toplevel [1ms]
[2022-10-03T04:07:25.905Z] > git status -z -uall [2ms]
[2022-10-03T04:07:25.908Z] > git symbolic-ref --short HEAD [1ms]
[2022-10-03T04:07:25.910Z] > git for-each-ref --format=%(refname)%00%(upstream:short)%00%(objectname)%00%(upstream:track)%00%(upstream:remotename)%00%(upstream:remoteref) refs/heads/main refs/remotes/main [0ms]
[2022-10-03T04:07:25.914Z] > git for-each-ref --sort -committerdate --format %(refname) %(objectname) %(*objectname) [2ms]
[2022-10-03T04:07:25.915Z] > git remote --verbose [1ms]
[2022-10-03T04:07:25.919Z] > git config --get commit.template [1ms]
[2022-10-03T04:07:26.420Z] > git rev-parse --show-toplevel [1ms]
