[2022-10-03T04:04:58.480Z] Log level: Info
[2022-10-03T04:04:58.484Z] [info] Validating found git in: git
[2022-10-03T04:04:58.505Z] [info] Using git 2.34.1 from git
[2022-10-03T04:04:58.515Z] > git rev-parse --show-toplevel [3ms]
[2022-10-03T04:04:58.521Z] > git rev-parse --git-dir --git-common-dir [1ms]
[2022-10-03T04:04:58.527Z] [info] Open repository: /config
[2022-10-03T04:04:58.537Z] > git status -z -uall [5ms]
[2022-10-03T04:04:58.541Z] > git symbolic-ref --short HEAD [1ms]
[2022-10-03T04:04:58.547Z] > git for-each-ref --format=%(refname)%00%(upstream:short)%00%(objectname)%00%(upstream:track)%00%(upstream:remotename)%00%(upstream:remoteref) refs/heads/main refs/remotes/main [2ms]
[2022-10-03T04:04:58.555Z] > git remote --verbose [2ms]
[2022-10-03T04:04:58.555Z] > git for-each-ref --sort -committerdate --format %(refname) %(objectname) %(*objectname) [4ms]
[2022-10-03T04:04:58.566Z] > git config --get commit.template [2ms]
[2022-10-03T04:04:58.573Z] > git status -z -uall [4ms]
[2022-10-03T04:04:58.577Z] > git symbolic-ref --short HEAD [1ms]
[2022-10-03T04:04:58.580Z] > git for-each-ref --format=%(refname)%00%(upstream:short)%00%(objectname)%00%(upstream:track)%00%(upstream:remotename)%00%(upstream:remoteref) refs/heads/main refs/remotes/main [1ms]
[2022-10-03T04:04:58.585Z] > git remote --verbose [1ms]
[2022-10-03T04:04:58.585Z] > git for-each-ref --sort -committerdate --format %(refname) %(objectname) %(*objectname) [3ms]
[2022-10-03T04:04:58.591Z] > git config --get commit.template [1ms]
[2022-10-03T04:04:59.097Z] > git rev-parse --show-toplevel [1ms]
[2022-10-03T04:05:00.401Z] > git status -z -uall [2ms]
[2022-10-03T04:05:00.404Z] > git symbolic-ref --short HEAD [0ms]
[2022-10-03T04:05:00.407Z] > git for-each-ref --format=%(refname)%00%(upstream:short)%00%(objectname)%00%(upstream:track)%00%(upstream:remotename)%00%(upstream:remoteref) refs/heads/main refs/remotes/main [0ms]
[2022-10-03T04:05:00.413Z] > git for-each-ref --sort -committerdate --format %(refname) %(objectname) %(*objectname) [3ms]
[2022-10-03T04:05:00.413Z] > git remote --verbose [1ms]
[2022-10-03T04:05:00.418Z] > git config --get commit.template [1ms]
[2022-10-03T04:05:00.918Z] > git rev-parse --show-toplevel [0ms]
[2022-10-03T04:05:01.825Z] > git check-ignore -v -z --stdin [1ms]
[2022-10-03T04:05:05.426Z] > git status -z -uall [3ms]
[2022-10-03T04:05:05.430Z] > git symbolic-ref --short HEAD [1ms]
[2022-10-03T04:05:05.438Z] > git for-each-ref --format=%(refname)%00%(upstream:short)%00%(objectname)%00%(upstream:track)%00%(upstream:remotename)%00%(upstream:remoteref) refs/heads/main refs/remotes/main [1ms]
[2022-10-03T04:05:05.443Z] > git for-each-ref --sort -committerdate --format %(refname) %(objectname) %(*objectname) [3ms]
[2022-10-03T04:05:05.444Z] > git remote --verbose [2ms]
[2022-10-03T04:05:05.448Z] > git config --get commit.template [0ms]
[2022-10-03T04:05:05.949Z] > git rev-parse --show-toplevel [1ms]
[2022-10-03T04:05:10.455Z] > git status -z -uall [3ms]
[2022-10-03T04:05:10.459Z] > git symbolic-ref --short HEAD [1ms]
[2022-10-03T04:05:10.462Z] > git for-each-ref --format=%(refname)%00%(upstream:short)%00%(objectname)%00%(upstream:track)%00%(upstream:remotename)%00%(upstream:remoteref) refs/heads/main refs/remotes/main [1ms]
[2022-10-03T04:05:10.468Z] > git for-each-ref --sort -committerdate --format %(refname) %(objectname) %(*objectname) [4ms]
[2022-10-03T04:05:10.468Z] > git remote --verbose [1ms]
[2022-10-03T04:05:10.480Z] > git config --get commit.template [8ms]
[2022-10-03T04:05:10.973Z] > git rev-parse --show-toplevel [0ms]
[2022-10-03T04:05:15.488Z] > git status -z -uall [3ms]
[2022-10-03T04:05:15.492Z] > git symbolic-ref --short HEAD [1ms]
[2022-10-03T04:05:15.495Z] > git for-each-ref --format=%(refname)%00%(upstream:short)%00%(objectname)%00%(upstream:track)%00%(upstream:remotename)%00%(upstream:remoteref) refs/heads/main refs/remotes/main [0ms]
[2022-10-03T04:05:15.502Z] > git for-each-ref --sort -committerdate --format %(refname) %(objectname) %(*objectname) [4ms]
[2022-10-03T04:05:15.502Z] > git remote --verbose [1ms]
[2022-10-03T04:05:15.508Z] > git config --get commit.template [1ms]
[2022-10-03T04:05:16.008Z] > git rev-parse --show-toplevel [1ms]
[2022-10-03T04:05:20.513Z] > git status -z -uall [2ms]
[2022-10-03T04:05:20.516Z] > git symbolic-ref --short HEAD [1ms]
[2022-10-03T04:05:20.519Z] > git for-each-ref --format=%(refname)%00%(upstream:short)%00%(objectname)%00%(upstream:track)%00%(upstream:remotename)%00%(upstream:remoteref) refs/heads/main refs/remotes/main [1ms]
[2022-10-03T04:05:20.522Z] > git for-each-ref --sort -committerdate --format %(refname) %(objectname) %(*objectname) [2ms]
[2022-10-03T04:05:20.523Z] > git remote --verbose [1ms]
[2022-10-03T04:05:20.528Z] > git config --get commit.template [1ms]
[2022-10-03T04:05:21.028Z] > git rev-parse --show-toplevel [1ms]
[2022-10-03T04:05:25.536Z] > git status -z -uall [2ms]
[2022-10-03T04:05:25.540Z] > git symbolic-ref --short HEAD [1ms]
[2022-10-03T04:05:25.543Z] > git for-each-ref --format=%(refname)%00%(upstream:short)%00%(objectname)%00%(upstream:track)%00%(upstream:remotename)%00%(upstream:remoteref) refs/heads/main refs/remotes/main [1ms]
[2022-10-03T04:05:25.548Z] > git for-each-ref --sort -committerdate --format %(refname) %(objectname) %(*objectname) [3ms]
[2022-10-03T04:05:25.548Z] > git remote --verbose [1ms]
[2022-10-03T04:05:25.553Z] > git config --get commit.template [1ms]
[2022-10-03T04:05:26.054Z] > git rev-parse --show-toplevel [1ms]
[2022-10-03T04:05:30.559Z] > git status -z -uall [2ms]
[2022-10-03T04:05:30.562Z] > git symbolic-ref --short HEAD [0ms]
[2022-10-03T04:05:30.566Z] > git for-each-ref --format=%(refname)%00%(upstream:short)%00%(objectname)%00%(upstream:track)%00%(upstream:remotename)%00%(upstream:remoteref) refs/heads/main refs/remotes/main [0ms]
[2022-10-03T04:05:30.572Z] > git remote --verbose [1ms]
[2022-10-03T04:05:30.573Z] > git for-each-ref --sort -committerdate --format %(refname) %(objectname) %(*objectname) [4ms]
[2022-10-03T04:05:30.579Z] > git config --get commit.template [1ms]
[2022-10-03T04:05:31.077Z] > git rev-parse --show-toplevel [1ms]
[2022-10-03T04:05:35.585Z] > git status -z -uall [2ms]
[2022-10-03T04:05:35.589Z] > git symbolic-ref --short HEAD [2ms]
[2022-10-03T04:05:35.592Z] > git for-each-ref --format=%(refname)%00%(upstream:short)%00%(objectname)%00%(upstream:track)%00%(upstream:remotename)%00%(upstream:remoteref) refs/heads/main refs/remotes/main [1ms]
[2022-10-03T04:05:35.597Z] > git for-each-ref --sort -committerdate --format %(refname) %(objectname) %(*objectname) [3ms]
[2022-10-03T04:05:35.598Z] > git remote --verbose [1ms]
[2022-10-03T04:05:35.603Z] > git config --get commit.template [1ms]
[2022-10-03T04:05:36.102Z] > git rev-parse --show-toplevel [0ms]
[2022-10-03T04:05:40.609Z] > git status -z -uall [3ms]
[2022-10-03T04:05:40.612Z] > git symbolic-ref --short HEAD [0ms]
[2022-10-03T04:05:40.615Z] > git for-each-ref --format=%(refname)%00%(upstream:short)%00%(objectname)%00%(upstream:track)%00%(upstream:remotename)%00%(upstream:remoteref) refs/heads/main refs/remotes/main [1ms]
[2022-10-03T04:05:40.619Z] > git for-each-ref --sort -committerdate --format %(refname) %(objectname) %(*objectname) [2ms]
[2022-10-03T04:05:40.620Z] > git remote --verbose [1ms]
[2022-10-03T04:05:40.625Z] > git config --get commit.template [1ms]
[2022-10-03T04:05:41.126Z] > git rev-parse --show-toplevel [1ms]
[2022-10-03T04:05:45.633Z] > git status -z -uall [4ms]
[2022-10-03T04:05:45.636Z] > git symbolic-ref --short HEAD [0ms]
[2022-10-03T04:05:45.639Z] > git for-each-ref --format=%(refname)%00%(upstream:short)%00%(objectname)%00%(upstream:track)%00%(upstream:remotename)%00%(upstream:remoteref) refs/heads/main refs/remotes/main [1ms]
[2022-10-03T04:05:45.644Z] > git for-each-ref --sort -committerdate --format %(refname) %(objectname) %(*objectname) [2ms]
[2022-10-03T04:05:45.644Z] > git remote --verbose [1ms]
[2022-10-03T04:05:45.648Z] > git config --get commit.template [1ms]
[2022-10-03T04:05:46.149Z] > git rev-parse --show-toplevel [1ms]
[2022-10-03T04:05:50.653Z] > git status -z -uall [2ms]
[2022-10-03T04:05:50.656Z] > git symbolic-ref --short HEAD [0ms]
[2022-10-03T04:05:50.659Z] > git for-each-ref --format=%(refname)%00%(upstream:short)%00%(objectname)%00%(upstream:track)%00%(upstream:remotename)%00%(upstream:remoteref) refs/heads/main refs/remotes/main [1ms]
[2022-10-03T04:05:50.664Z] > git for-each-ref --sort -committerdate --format %(refname) %(objectname) %(*objectname) [3ms]
[2022-10-03T04:05:50.664Z] > git remote --verbose [0ms]
[2022-10-03T04:05:50.668Z] > git config --get commit.template [0ms]
[2022-10-03T04:05:51.169Z] > git rev-parse --show-toplevel [1ms]
[2022-10-03T04:05:55.675Z] > git status -z -uall [2ms]
[2022-10-03T04:05:55.677Z] > git symbolic-ref --short HEAD [0ms]
[2022-10-03T04:05:55.680Z] > git for-each-ref --format=%(refname)%00%(upstream:short)%00%(objectname)%00%(upstream:track)%00%(upstream:remotename)%00%(upstream:remoteref) refs/heads/main refs/remotes/main [1ms]
[2022-10-03T04:05:55.684Z] > git for-each-ref --sort -committerdate --format %(refname) %(objectname) %(*objectname) [2ms]
[2022-10-03T04:05:55.684Z] > git remote --verbose [1ms]
[2022-10-03T04:05:55.688Z] > git config --get commit.template [0ms]
[2022-10-03T04:05:56.188Z] > git rev-parse --show-toplevel [1ms]
[2022-10-03T04:06:00.693Z] > git status -z -uall [2ms]
[2022-10-03T04:06:00.696Z] > git symbolic-ref --short HEAD [1ms]
[2022-10-03T04:06:00.699Z] > git for-each-ref --format=%(refname)%00%(upstream:short)%00%(objectname)%00%(upstream:track)%00%(upstream:remotename)%00%(upstream:remoteref) refs/heads/main refs/remotes/main [1ms]
[2022-10-03T04:06:00.703Z] > git for-each-ref --sort -committerdate --format %(refname) %(objectname) %(*objectname) [2ms]
[2022-10-03T04:06:00.703Z] > git remote --verbose [0ms]
[2022-10-03T04:06:00.708Z] > git config --get commit.template [1ms]
[2022-10-03T04:06:01.208Z] > git rev-parse --show-toplevel [0ms]
[2022-10-03T04:06:05.714Z] > git status -z -uall [2ms]
[2022-10-03T04:06:05.717Z] > git symbolic-ref --short HEAD [0ms]
[2022-10-03T04:06:05.720Z] > git for-each-ref --format=%(refname)%00%(upstream:short)%00%(objectname)%00%(upstream:track)%00%(upstream:remotename)%00%(upstream:remoteref) refs/heads/main refs/remotes/main [1ms]
[2022-10-03T04:06:05.724Z] > git for-each-ref --sort -committerdate --format %(refname) %(objectname) %(*objectname) [2ms]
[2022-10-03T04:06:05.724Z] > git remote --verbose [1ms]
[2022-10-03T04:06:05.728Z] > git config --get commit.template [1ms]
[2022-10-03T04:06:06.230Z] > git rev-parse --show-toplevel [1ms]
[2022-10-03T04:06:10.735Z] > git status -z -uall [2ms]
[2022-10-03T04:06:10.739Z] > git symbolic-ref --short HEAD [1ms]
[2022-10-03T04:06:10.742Z] > git for-each-ref --format=%(refname)%00%(upstream:short)%00%(objectname)%00%(upstream:track)%00%(upstream:remotename)%00%(upstream:remoteref) refs/heads/main refs/remotes/main [1ms]
[2022-10-03T04:06:10.747Z] > git for-each-ref --sort -committerdate --format %(refname) %(objectname) %(*objectname) [3ms]
[2022-10-03T04:06:10.747Z] > git remote --verbose [1ms]
[2022-10-03T04:06:10.751Z] > git config --get commit.template [1ms]
[2022-10-03T04:06:11.251Z] > git rev-parse --show-toplevel [0ms]
[2022-10-03T04:06:15.758Z] > git status -z -uall [2ms]
[2022-10-03T04:06:15.760Z] > git symbolic-ref --short HEAD [0ms]
[2022-10-03T04:06:15.763Z] > git for-each-ref --format=%(refname)%00%(upstream:short)%00%(objectname)%00%(upstream:track)%00%(upstream:remotename)%00%(upstream:remoteref) refs/heads/main refs/remotes/main [1ms]
[2022-10-03T04:06:15.766Z] > git for-each-ref --sort -committerdate --format %(refname) %(objectname) %(*objectname) [2ms]
[2022-10-03T04:06:15.767Z] > git remote --verbose [1ms]
[2022-10-03T04:06:15.771Z] > git config --get commit.template [1ms]
[2022-10-03T04:06:16.271Z] > git rev-parse --show-toplevel [1ms]
[2022-10-03T04:06:20.776Z] > git status -z -uall [2ms]
[2022-10-03T04:06:20.780Z] > git symbolic-ref --short HEAD [0ms]
[2022-10-03T04:06:20.783Z] > git for-each-ref --format=%(refname)%00%(upstream:short)%00%(objectname)%00%(upstream:track)%00%(upstream:remotename)%00%(upstream:remoteref) refs/heads/main refs/remotes/main [1ms]
[2022-10-03T04:06:20.787Z] > git for-each-ref --sort -committerdate --format %(refname) %(objectname) %(*objectname) [2ms]
[2022-10-03T04:06:20.787Z] > git remote --verbose [1ms]
[2022-10-03T04:06:20.791Z] > git config --get commit.template [1ms]
[2022-10-03T04:06:21.291Z] > git rev-parse --show-toplevel [1ms]
[2022-10-03T04:06:25.799Z] > git status -z -uall [3ms]
[2022-10-03T04:06:25.804Z] > git symbolic-ref --short HEAD [2ms]
[2022-10-03T04:06:25.807Z] > git for-each-ref --format=%(refname)%00%(upstream:short)%00%(objectname)%00%(upstream:track)%00%(upstream:remotename)%00%(upstream:remoteref) refs/heads/main refs/remotes/main [1ms]
[2022-10-03T04:06:25.812Z] > git for-each-ref --sort -committerdate --format %(refname) %(objectname) %(*objectname) [3ms]
[2022-10-03T04:06:25.813Z] > git remote --verbose [1ms]
[2022-10-03T04:06:25.817Z] > git config --get commit.template [1ms]
[2022-10-03T04:06:26.318Z] > git rev-parse --show-toplevel [1ms]
[2022-10-03T04:06:30.826Z] > git status -z -uall [3ms]
[2022-10-03T04:06:30.831Z] > git symbolic-ref --short HEAD [1ms]
[2022-10-03T04:06:30.835Z] > git for-each-ref --format=%(refname)%00%(upstream:short)%00%(objectname)%00%(upstream:track)%00%(upstream:remotename)%00%(upstream:remoteref) refs/heads/main refs/remotes/main [1ms]
[2022-10-03T04:06:30.840Z] > git for-each-ref --sort -committerdate --format %(refname) %(objectname) %(*objectname) [3ms]
[2022-10-03T04:06:30.841Z] > git remote --verbose [1ms]
[2022-10-03T04:06:30.845Z] > git config --get commit.template [0ms]
[2022-10-03T04:06:31.346Z] > git rev-parse --show-toplevel [0ms]
[2022-10-03T04:06:35.854Z] > git status -z -uall [3ms]
[2022-10-03T04:06:35.859Z] > git symbolic-ref --short HEAD [1ms]
[2022-10-03T04:06:35.863Z] > git for-each-ref --format=%(refname)%00%(upstream:short)%00%(objectname)%00%(upstream:track)%00%(upstream:remotename)%00%(upstream:remoteref) refs/heads/main refs/remotes/main [1ms]
[2022-10-03T04:06:35.869Z] > git for-each-ref --sort -committerdate --format %(refname) %(objectname) %(*objectname) [3ms]
[2022-10-03T04:06:35.869Z] > git remote --verbose [1ms]
[2022-10-03T04:06:35.874Z] > git config --get commit.template [1ms]
[2022-10-03T04:06:36.374Z] > git rev-parse --show-toplevel [1ms]
[2022-10-03T04:06:40.880Z] > git status -z -uall [3ms]
[2022-10-03T04:06:40.883Z] > git symbolic-ref --short HEAD [1ms]
[2022-10-03T04:06:40.886Z] > git for-each-ref --format=%(refname)%00%(upstream:short)%00%(objectname)%00%(upstream:track)%00%(upstream:remotename)%00%(upstream:remoteref) refs/heads/main refs/remotes/main [0ms]
[2022-10-03T04:06:40.891Z] > git for-each-ref --sort -committerdate --format %(refname) %(objectname) %(*objectname) [2ms]
[2022-10-03T04:06:40.891Z] > git remote --verbose [1ms]
[2022-10-03T04:06:40.896Z] > git config --get commit.template [1ms]
[2022-10-03T04:06:41.397Z] > git rev-parse --show-toplevel [1ms]
[2022-10-03T04:06:45.904Z] > git status -z -uall [2ms]
[2022-10-03T04:06:45.908Z] > git symbolic-ref --short HEAD [1ms]
[2022-10-03T04:06:45.910Z] > git for-each-ref --format=%(refname)%00%(upstream:short)%00%(objectname)%00%(upstream:track)%00%(upstream:remotename)%00%(upstream:remoteref) refs/heads/main refs/remotes/main [1ms]
[2022-10-03T04:06:45.914Z] > git for-each-ref --sort -committerdate --format %(refname) %(objectname) %(*objectname) [2ms]
[2022-10-03T04:06:45.915Z] > git remote --verbose [2ms]
[2022-10-03T04:06:45.918Z] > git config --get commit.template [0ms]
